
> Amit@0.0.0 start /home/amit/SSO-Node
> node server.js

uploads/1475046432209.png
uploads/1475046524335.png
uploads/1475046536891.png
Killed

npm ERR! Linux 3.13.0-88-generic
npm ERR! argv "node" "/home/amit/.nvm/v0.10.25/bin/npm" "start"
npm ERR! node v0.10.25
npm ERR! npm  v3.10.8
npm ERR! code ELIFECYCLE
npm ERR! Amit@0.0.0 start: `node server.js`
npm ERR! Exit status 137
npm ERR! 
npm ERR! Failed at the Amit@0.0.0 start script 'node server.js'.
npm ERR! Make sure you have the latest version of node.js and npm installed.
npm ERR! If you do, this is most likely a problem with the Amit package,
npm ERR! not with npm itself.
npm ERR! Tell the author that this fails on your system:
npm ERR!     node server.js
npm ERR! You can get information on how to open an issue for this project with:
npm ERR!     npm bugs Amit
npm ERR! Or if that isn't available, you can get their info via:
npm ERR!     npm owner ls Amit
npm ERR! There is likely additional logging output above.

npm ERR! Please include the following file with any support request:
npm ERR!     /home/amit/SSO-Node/npm-debug.log
