0 info it worked if it ends with ok
1 verbose cli [ 'node', '/home/amit/.nvm/v0.10.25/bin/npm', 'start' ]
2 info using npm@3.10.8
3 info using node@v0.10.25
4 verbose run-script [ 'prestart', 'start', 'poststart' ]
5 info lifecycle Amit@0.0.0~prestart: Amit@0.0.0
6 silly lifecycle Amit@0.0.0~prestart: no script for prestart, continuing
7 info lifecycle Amit@0.0.0~start: Amit@0.0.0
8 verbose lifecycle Amit@0.0.0~start: unsafe-perm in lifecycle true
9 verbose lifecycle Amit@0.0.0~start: PATH: /home/amit/.nvm/v0.10.25/lib/node_modules/npm/bin/node-gyp-bin:/home/amit/SSO-Node/node_modules/.bin:/home/amit/.nvm/v0.10.25/bin:/usr/local/sbin:/usr/local/bin:/usr/sbin:/usr/bin:/sbin:/bin:/usr/games:/usr/local/games:/usr/lib/jvm/java-8-oracle/bin:/usr/lib/jvm/java-8-oracle/db/bin:/usr/lib/jvm/java-8-oracle/jre/bin:/usr/local/share/scala/bin:/home/amit/Documents/Scala/activator-dist-1.3.10/bin
10 verbose lifecycle Amit@0.0.0~start: CWD: /home/amit/SSO-Node
11 silly lifecycle Amit@0.0.0~start: Args: [ '-c', 'node server.js' ]
12 silly lifecycle Amit@0.0.0~start: Returned: code: 137  signal: null
13 info lifecycle Amit@0.0.0~start: Failed to exec start script
14 verbose stack Error: Amit@0.0.0 start: `node server.js`
14 verbose stack Exit status 137
14 verbose stack     at EventEmitter.<anonymous> (/home/amit/.nvm/v0.10.25/lib/node_modules/npm/lib/utils/lifecycle.js:255:16)
14 verbose stack     at EventEmitter.emit (events.js:98:17)
14 verbose stack     at ChildProcess.<anonymous> (/home/amit/.nvm/v0.10.25/lib/node_modules/npm/lib/utils/spawn.js:40:14)
14 verbose stack     at ChildProcess.EventEmitter.emit (events.js:98:17)
14 verbose stack     at maybeClose (child_process.js:743:16)
14 verbose stack     at Process.ChildProcess._handle.onexit (child_process.js:810:5)
15 verbose pkgid Amit@0.0.0
16 verbose cwd /home/amit/SSO-Node
17 error Linux 3.13.0-88-generic
18 error argv "node" "/home/amit/.nvm/v0.10.25/bin/npm" "start"
19 error node v0.10.25
20 error npm  v3.10.8
21 error code ELIFECYCLE
22 error Amit@0.0.0 start: `node server.js`
22 error Exit status 137
23 error Failed at the Amit@0.0.0 start script 'node server.js'.
23 error Make sure you have the latest version of node.js and npm installed.
23 error If you do, this is most likely a problem with the Amit package,
23 error not with npm itself.
23 error Tell the author that this fails on your system:
23 error     node server.js
23 error You can get information on how to open an issue for this project with:
23 error     npm bugs Amit
23 error Or if that isn't available, you can get their info via:
23 error     npm owner ls Amit
23 error There is likely additional logging output above.
24 verbose exit [ 1, true ]
